c:\users\7558\gitprojects\mdvrp_jc\mdvrp_jc\mdvrp_jc\debug\mdvrp_jc.pch
c:\users\7558\gitprojects\mdvrp_jc\mdvrp_jc\mdvrp_jc\debug\vc140.pdb
c:\users\7558\gitprojects\mdvrp_jc\mdvrp_jc\mdvrp_jc\debug\vc140.idb
c:\users\7558\gitprojects\mdvrp_jc\mdvrp_jc\mdvrp_jc\debug\stdafx.obj
c:\users\7558\gitprojects\mdvrp_jc\mdvrp_jc\mdvrp_jc\debug\distancetable.obj
c:\users\7558\gitprojects\mdvrp_jc\mdvrp_jc\mdvrp_jc\debug\distvect.obj
c:\users\7558\gitprojects\mdvrp_jc\mdvrp_jc\mdvrp_jc\debug\feasiblesolcol.obj
c:\users\7558\gitprojects\mdvrp_jc\mdvrp_jc\mdvrp_jc\debug\feasiblesolution.obj
c:\users\7558\gitprojects\mdvrp_jc\mdvrp_jc\mdvrp_jc\debug\feassolnode.obj
c:\users\7558\gitprojects\mdvrp_jc\mdvrp_jc\mdvrp_jc\debug\floatdistancetable.obj
c:\users\7558\gitprojects\mdvrp_jc\mdvrp_jc\mdvrp_jc\debug\frogleapcontroller.obj
c:\users\7558\gitprojects\mdvrp_jc\mdvrp_jc\mdvrp_jc\debug\frogleapsolution.obj
c:\users\7558\gitprojects\mdvrp_jc\mdvrp_jc\mdvrp_jc\debug\frogobject.obj
c:\users\7558\gitprojects\mdvrp_jc\mdvrp_jc\mdvrp_jc\debug\frogobjectcol.obj
c:\users\7558\gitprojects\mdvrp_jc\mdvrp_jc\mdvrp_jc\debug\frogobjnode.obj
c:\users\7558\gitprojects\mdvrp_jc\mdvrp_jc\mdvrp_jc\debug\graph.obj
c:\users\7558\gitprojects\mdvrp_jc\mdvrp_jc\mdvrp_jc\debug\indexlist.obj
c:\users\7558\gitprojects\mdvrp_jc\mdvrp_jc\mdvrp_jc\debug\indexlistnode.obj
c:\users\7558\gitprojects\mdvrp_jc\mdvrp_jc\mdvrp_jc\debug\mdvrp_jc.obj
c:\users\7558\gitprojects\mdvrp_jc\mdvrp_jc\mdvrp_jc\debug\pair.obj
c:\users\7558\gitprojects\mdvrp_jc\mdvrp_jc\mdvrp_jc\debug\testcaseobj.obj
c:\users\7558\gitprojects\mdvrp_jc\mdvrp_jc\mdvrp_jc\debug\tsplibeuc2d.obj
c:\users\7558\gitprojects\mdvrp_jc\mdvrp_jc\mdvrp_jc\debug\vehicle.obj
c:\users\7558\gitprojects\mdvrp_jc\mdvrp_jc\mdvrp_jc\debug\vertex.obj
c:\users\7558\gitprojects\mdvrp_jc\mdvrp_jc\mdvrp_jc\debug\cluster.obj
c:\users\7558\gitprojects\mdvrp_jc\mdvrp_jc\mdvrp_jc\debug\decodedfrogleapsolution.obj
c:\users\7558\gitprojects\mdvrp_jc\mdvrp_jc\debug\mdvrp_jc.ilk
c:\users\7558\gitprojects\mdvrp_jc\mdvrp_jc\debug\mdvrp_jc.exe
c:\users\7558\gitprojects\mdvrp_jc\mdvrp_jc\debug\mdvrp_jc.pdb
c:\users\7558\gitprojects\mdvrp_jc\mdvrp_jc\mdvrp_jc\debug\decodedfrogleapsolution.obj.enc
c:\users\7558\gitprojects\mdvrp_jc\mdvrp_jc\mdvrp_jc\debug\mdvrp_jc.tlog\cl.command.1.tlog
c:\users\7558\gitprojects\mdvrp_jc\mdvrp_jc\mdvrp_jc\debug\mdvrp_jc.tlog\cl.read.1.tlog
c:\users\7558\gitprojects\mdvrp_jc\mdvrp_jc\mdvrp_jc\debug\mdvrp_jc.tlog\cl.write.1.tlog
c:\users\7558\gitprojects\mdvrp_jc\mdvrp_jc\mdvrp_jc\debug\mdvrp_jc.tlog\link.command.1.tlog
c:\users\7558\gitprojects\mdvrp_jc\mdvrp_jc\mdvrp_jc\debug\mdvrp_jc.tlog\link.read.1.tlog
c:\users\7558\gitprojects\mdvrp_jc\mdvrp_jc\mdvrp_jc\debug\mdvrp_jc.tlog\link.write.1.tlog
